proguard/seeds.txt
com.yt.worlddatetime.MainActivity
com.yt.worlddatetime.MainActivity: MainActivity()
com.yt.worlddatetime.R$anim: int fade_in
com.yt.worlddatetime.R$anim: int fade_out
com.yt.worlddatetime.R$attr: int adSize
com.yt.worlddatetime.R$attr: int adSizes
com.yt.worlddatetime.R$attr: int adUnitId
com.yt.worlddatetime.R$attr: int appTheme
com.yt.worlddatetime.R$attr: int buyButtonAppearance
com.yt.worlddatetime.R$attr: int buyButtonHeight
com.yt.worlddatetime.R$attr: int buyButtonText
com.yt.worlddatetime.R$attr: int buyButtonWidth
com.yt.worlddatetime.R$attr: int cameraBearing
com.yt.worlddatetime.R$attr: int cameraTargetLat
com.yt.worlddatetime.R$attr: int cameraTargetLng
com.yt.worlddatetime.R$attr: int cameraTilt
com.yt.worlddatetime.R$attr: int cameraZoom
com.yt.worlddatetime.R$attr: int circleCrop
com.yt.worlddatetime.R$attr: int dial
com.yt.worlddatetime.R$attr: int environment
com.yt.worlddatetime.R$attr: int fragmentMode
com.yt.worlddatetime.R$attr: int fragmentStyle
com.yt.worlddatetime.R$attr: int hand_hour
com.yt.worlddatetime.R$attr: int hand_minute
com.yt.worlddatetime.R$attr: int hand_second
com.yt.worlddatetime.R$attr: int imageAspectRatio
com.yt.worlddatetime.R$attr: int imageAspectRatioAdjust
com.yt.worlddatetime.R$attr: int liteMode
com.yt.worlddatetime.R$attr: int mapType
com.yt.worlddatetime.R$attr: int maskedWalletDetailsBackground
com.yt.worlddatetime.R$attr: int maskedWalletDetailsButtonBackground
com.yt.worlddatetime.R$attr: int maskedWalletDetailsButtonTextAppearance
com.yt.worlddatetime.R$attr: int maskedWalletDetailsHeaderTextAppearance
com.yt.worlddatetime.R$attr: int maskedWalletDetailsLogoImageType
com.yt.worlddatetime.R$color: int common_action_bar_splitter
com.yt.worlddatetime.R$color: int common_signin_btn_dark_text_default
com.yt.worlddatetime.R$color: int common_signin_btn_dark_text_disabled
com.yt.worlddatetime.R$color: int common_signin_btn_dark_text_focused
com.yt.worlddatetime.R$color: int common_signin_btn_dark_text_pressed
com.yt.worlddatetime.R$color: int common_signin_btn_default_background
com.yt.worlddatetime.R$color: int common_signin_btn_light_text_default
com.yt.worlddatetime.R$color: int common_signin_btn_light_text_disabled
com.yt.worlddatetime.R$color: int common_signin_btn_light_text_focused
com.yt.worlddatetime.R$color: int common_signin_btn_light_text_pressed
com.yt.worlddatetime.R$color: int common_signin_btn_text_dark
com.yt.worlddatetime.R$color: int common_signin_btn_text_light
com.yt.worlddatetime.R$color: int transparent
com.yt.worlddatetime.R$color: int wallet_bright_foreground_disabled_holo_light
com.yt.worlddatetime.R$color: int wallet_bright_foreground_holo_dark
com.yt.worlddatetime.R$color: int wallet_bright_foreground_holo_light
com.yt.worlddatetime.R$color: int wallet_dim_foreground_disabled_holo_dark
com.yt.worlddatetime.R$color: int wallet_dim_foreground_holo_dark
com.yt.worlddatetime.R$color: int wallet_dim_foreground_inverse_disabled_holo_dark
com.yt.worlddatetime.R$color: int wallet_dim_foreground_inverse_holo_dark
com.yt.worlddatetime.R$color: int wallet_highlighted_text_holo_dark
com.yt.worlddatetime.R$dimen: int activity_horizontal_margin
com.yt.worlddatetime.R$dimen: int activity_vertical_margin
...
android.support.v4.widget.SlidingPaneLayout: void setParallaxDistance(int)
android.support.v4.widget.SlidingPaneLayout: int getParallaxDistance()
android.support.v4.widget.SlidingPaneLayout: void setSliderFadeColor(int)
android.support.v4.widget.SlidingPaneLayout: int getSliderFadeColor()
android.support.v4.widget.SlidingPaneLayout: void setCoveredFadeColor(int)
android.support.v4.widget.SlidingPaneLayout: int getCoveredFadeColor()
android.support.v4.widget.SlidingPaneLayout: void setPanelSlideListener(android.support.v4.widget.SlidingPaneLayout$PanelSlideListener)
android.support.v4.widget.SlidingPaneLayout: void setShadowDrawable(android.graphics.drawable.Drawable)
android.support.v4.widget.SlidingPaneLayout: void setShadowResource(int)
android.support.v4.widget.SlidingPaneLayout$SavedState
android.support.v4.widget.SlidingPaneLayout$SavedState: android.os.Parcelable$Creator CREATOR
com.google.ads.AdRequest$ErrorCode
com.google.ads.AdRequest$ErrorCode: com.google.ads.AdRequest$ErrorCode[] values()
com.google.ads.AdRequest$ErrorCode: com.google.ads.AdRequest$ErrorCode valueOf(java.lang.String)
com.google.ads.AdRequest$Gender
com.google.ads.AdRequest$Gender: com.google.ads.AdRequest$Gender[] values()
com.google.ads.AdRequest$Gender: com.google.ads.AdRequest$Gender valueOf(java.lang.String)
com.google.ads.mediation.MediationServerParameters$MappingException
com.google.android.gms.R$attr: int adSize
com.google.android.gms.R$attr: int adSizes
com.google.android.gms.R$attr: int adUnitId
com.google.android.gms.R$attr: int appTheme
com.google.android.gms.R$attr: int buyButtonAppearance
com.google.android.gms.R$attr: int buyButtonHeight
com.google.android.gms.R$attr: int buyButtonText
com.google.android.gms.R$attr: int buyButtonWidth
com.google.android.gms.R$attr: int cameraBearing
com.google.android.gms.R$attr: int cameraTargetLat
com.google.android.gms.R$attr: int cameraTargetLng
com.google.android.gms.R$attr: int cameraTilt
com.google.android.gms.R$attr: int cameraZoom
com.google.android.gms.R$attr: int circleCrop
com.google.android.gms.R$attr: int environment
com.google.android.gms.R$attr: int fragmentMode
com.google.android.gms.R$attr: int fragmentStyle
com.google.android.gms.R$attr: int imageAspectRatio
com.google.android.gms.R$attr: int imageAspectRatioAdjust
com.google.android.gms.R$attr: int liteMode
com.google.android.gms.R$attr: int mapType
com.google.android.gms.R$attr: int maskedWalletDetailsBackground
com.google.android.gms.R$attr: int maskedWalletDetailsButtonBackground
com.google.android.gms.R$attr: int maskedWalletDetailsButtonTextAppearance
com.google.android.gms.R$attr: int maskedWalletDetailsHeaderTextAppearance
com.google.android.gms.R$attr: int maskedWalletDetailsLogoImageType
com.google.android.gms.R$attr: int maskedWalletDetailsLogoTextColor
com.google.android.gms.R$attr: int maskedWalletDetailsTextAppearance