proguard/mapping.txt
com.yt.worlddatetime.MainActivity -> com.yt.worlddatetime.MainActivity:
    android.widget.ListView listview -> e
    java.util.ArrayList mListLocalCity -> a
    android.os.AsyncTask asyncTask -> b
    com.google.android.gms.ads.AdView mAdView -> c
    java.util.List data -> d
    void onCreate(android.os.Bundle) -> onCreate
    boolean onCreateOptionsMenu(android.view.Menu) -> onCreateOptionsMenu
    boolean onOptionsItemSelected(android.view.MenuItem) -> onOptionsItemSelected
    void onPause() -> onPause
    void onResume() -> onResume
    void initData() -> a
    android.widget.ListView access$0(com.yt.worlddatetime.MainActivity) -> a
com.yt.worlddatetime.MainActivity$AsyncInitCitys -> com.yt.worlddatetime.a:
    com.yt.worlddatetime.MainActivity this$0 -> a
    java.lang.Object doInBackground(java.lang.Object[]) -> doInBackground
com.yt.worlddatetime.MainActivity$SelectDialog -> com.yt.worlddatetime.b:
    android.widget.Button btnDel -> c
    android.widget.Button btnNo -> d
    java.lang.String id -> a
    android.view.View conentView -> e
    com.yt.worlddatetime.MainActivity this$0 -> b
    void showPopupWindow(android.view.View) -> a
    com.yt.worlddatetime.MainActivity access$0(com.yt.worlddatetime.MainActivity$SelectDialog) -> a
com.yt.worlddatetime.MainActivity$SelectDialog$DelData -> com.yt.worlddatetime.c:
    com.yt.worlddatetime.MainActivity$SelectDialog sv -> b
    com.yt.worlddatetime.MainActivity$SelectDialog this$1 -> a
    void onClick(android.view.View) -> onClick
com.yt.worlddatetime.MainActivity$SelectDialog$noDelData -> com.yt.worlddatetime.d:
    com.yt.worlddatetime.MainActivity$SelectDialog sv -> b
    com.yt.worlddatetime.MainActivity$SelectDialog this$1 -> a
    void onClick(android.view.View) -> onClick
com.yt.worlddatetime.MainActivity$ViewMyCity -> com.yt.worlddatetime.e:
    android.widget.TextView name -> a
    android.widget.TextView time -> b
    com.yt.worlddatetime.tools.AnalogClock analogClock -> c
    com.yt.worlddatetime.MainActivity this$0 -> d
com.yt.worlddatetime.MainActivity$myCityAdapter -> com.yt.worlddatetime.f:
    android.view.LayoutInflater mInflater -> a
    com.yt.worlddatetime.MainActivity this$0 -> b
    void unregisterDataSetObserver(android.database.DataSetObserver) -> unregisterDataSetObserver
    void registerDataSetObserver(android.database.DataSetObserver) -> registerDataSetObserver
    boolean isEmpty() -> isEmpty
    boolean hasStableIds() -> hasStableIds
    int getViewTypeCount() -> getViewTypeCount
    android.view.View getView(int,android.view.View,android.view.ViewGroup) -> getView
    int getItemViewType(int) -> getItemViewType
    long getItemId(int) -> getItemId
    java.lang.Object getItem(int) -> getItem
    int getCount() -> getCount
    boolean isEnabled(int) -> isEnabled
    boolean areAllItemsEnabled() -> areAllItemsEnabled
com.yt.worlddatetime.MainActivity$onLongClick -> com.yt.worlddatetime.g:
    com.yt.worlddatetime.MainActivity this$0 -> a
    void onItemClick(android.widget.AdapterView,android.view.View,int,long) -> onItemClick
com.yt.worlddatetime.Mycitys -> com.yt.worlddatetime.h:
    void onCreate(android.database.sqlite.SQLiteDatabase) -> onCreate
    void onUpgrade(android.database.sqlite.SQLiteDatabase,int,int) -> onUpgrade
com.yt.worlddatetime.R -> com.yt.worlddatetime.i:
...
com.google.android.gms.internal.la -> com.google.android.gms.internal.qd:
    int a(java.lang.Object[],java.lang.Object) -> a
    boolean b(java.lang.Object[],java.lang.Object) -> b
    void a(java.lang.StringBuilder,java.lang.Object[]) -> a
    void a(java.lang.StringBuilder,int[]) -> a
    void a(java.lang.StringBuilder,long[]) -> a
    void a(java.lang.StringBuilder,float[]) -> a
    void a(java.lang.StringBuilder,double[]) -> a
    void a(java.lang.StringBuilder,boolean[]) -> a
    void a(java.lang.StringBuilder,java.lang.String[]) -> a
    java.util.ArrayList ie() -> a
    java.util.ArrayList b(java.lang.Object[]) -> a
com.google.android.gms.internal.lb -> com.google.android.gms.internal.qe:
    java.lang.String d(byte[]) -> a
    java.lang.String e(byte[]) -> b
com.google.android.gms.internal.lc -> com.google.android.gms.internal.qf:
    java.util.regex.Pattern Oe -> a
    int aS(int) -> a
    int aT(int) -> b
    boolean aU(int) -> c
    boolean K(android.content.Context) -> a
com.google.android.gms.internal.ld -> com.google.android.gms.internal.qg:
    long elapsedRealtime() -> a
com.google.android.gms.internal.lf -> com.google.android.gms.internal.qh:
    long elapsedRealtime() -> a
com.google.android.gms.internal.lg -> com.google.android.gms.internal.qi:
    boolean aV(int) -> a
com.google.android.gms.internal.lh -> com.google.android.gms.internal.qj:
    void b(java.io.Closeable) -> a
    long a(java.io.InputStream,java.io.OutputStream,boolean) -> a
    long a(java.io.InputStream,java.io.OutputStream,boolean,int) -> a
    byte[] d(java.io.InputStream) -> a
    byte[] a(java.io.InputStream,boolean) -> a
com.google.android.gms.internal.li -> com.google.android.gms.internal.qk:
    java.util.regex.Pattern Og -> a
    java.util.regex.Pattern Oh -> b
    java.lang.String bh(java.lang.String) -> a
com.google.android.gms.internal.lj -> com.google.android.gms.internal.ql:
    void a(java.lang.StringBuilder,java.util.HashMap) -> a
com.google.android.gms.internal.lk -> com.google.android.gms.internal.qm:
    int a(byte[],int,int,int) -> a
com.google.android.gms.internal.ll -> com.google.android.gms.internal.qn:
    boolean ig() -> a
    boolean ii() -> b
    boolean ij() -> c
    boolean im() -> d
    boolean in() -> e
    boolean io() -> f
    boolean aW(int) -> a
com.google.android.gms.internal.ln -> com.google.android.gms.internal.qo:
    com.google.android.gms.drive.metadata.MetadataField Rj -> a
    com.google.android.gms.drive.metadata.MetadataField Rk -> b
    com.google.android.gms.internal.ln$a Rl -> c
    com.google.android.gms.drive.metadata.MetadataField Rm -> d
    com.google.android.gms.drive.metadata.MetadataField Rn -> e
    com.google.android.gms.drive.metadata.MetadataField Ro -> f
    com.google.android.gms.drive.metadata.MetadataField Rp -> g
    com.google.android.gms.drive.metadata.MetadataField Rq -> h
    com.google.android.gms.drive.metadata.MetadataField Rr -> i
    com.google.android.gms.drive.metadata.MetadataField Rs -> j
    com.google.android.gms.drive.metadata.MetadataField Rt -> k
    com.google.android.gms.drive.metadata.MetadataField Ru -> l
    com.google.android.gms.internal.ln$b Rv -> m
    com.google.android.gms.drive.metadata.MetadataField Rw -> n
    com.google.android.gms.drive.metadata.MetadataField Rx -> o
    com.google.android.gms.drive.metadata.MetadataField Ry -> p
    com.google.android.gms.drive.metadata.MetadataField Rz -> q
    com.google.android.gms.internal.ln$c RA -> r
    com.google.android.gms.drive.metadata.MetadataField RB -> s
    com.google.android.gms.drive.metadata.b RC -> t
    com.google.android.gms.drive.metadata.internal.m RD -> u
    com.google.android.gms.drive.metadata.internal.m RE -> v
    com.google.android.gms.internal.ln$d RF -> w
com.google.android.gms.internal.ln$1 -> com.google.android.gms.internal.qq:
com.google.android.gms.internal.ln$a -> com.google.android.gms.internal.qr: