proguard/usage.txt
com.yt.worlddatetime.BuildConfig
com.yt.worlddatetime.R:
    10:10:public R()
com.yt.worlddatetime.R$anim
com.yt.worlddatetime.R$attr
com.yt.worlddatetime.R$color
com.yt.worlddatetime.R$dimen
com.yt.worlddatetime.R$drawable
com.yt.worlddatetime.R$id
com.yt.worlddatetime.R$integer
com.yt.worlddatetime.R$layout
com.yt.worlddatetime.R$menu
com.yt.worlddatetime.R$raw
com.yt.worlddatetime.R$string
com.yt.worlddatetime.R$style
com.yt.worlddatetime.R$styleable:
    737:737:public R$styleable()
com.yt.worlddatetime.citys.CityProvide$URI:
    78:78:public CityProvide$URI()
com.yt.worlddatetime.citys.Countries:
    9:9:public int getId()
    39:39:public java.lang.String getCountries()
    42:43:public void setCountries(java.lang.String)
    45:45:public double getLongitude()
    48:49:public void setLongitude(double)
    51:51:public double getLatitude()
    54:55:public void setLatitude(double)
com.yt.worlddatetime.citys.ListCountriesActivity:
    private static final java.lang.String TAG
    private android.app.ProgressDialog progressbar
    197:245:public void initData()
com.yt.worlddatetime.citys.ListCountriesActivity$SortByName
com.yt.worlddatetime.delete.CheckUpdate
com.yt.worlddatetime.delete.CheckUpdate$1
com.yt.worlddatetime.delete.CheckUpdate$2
com.yt.worlddatetime.delete.CheckUpdate$UpdateClass
com.yt.worlddatetime.delete.CountriesAdapter
com.yt.worlddatetime.delete.CountriesAdapter$MyContactFilter
com.yt.worlddatetime.delete.CountriesAdapter$ViewHolder
com.yt.worlddatetime.tools.CheckVersion:
    private static final int DOWNLOAD
    private static final int DOWNLOAD_FINISH
    private static final int GET_UNDATAINFO_ERROR
    private static final int UPDATA_CLIENT
    private static final int DOWN_ERROR
    private static final int NO_NETWORK
    private static final int IS_NEWUPDATE
com.yt.worlddatetime.tools.Network:
    30:39:public boolean isWifiConnected(android.content.Context)
    46:55:public boolean isMobileConnected(android.content.Context)
    62:70:public static int getConnectedType(android.content.Context)
com.yt.worlddatetime.tools.ScreenTools:
    31:32:public int dip2px(int)
    52:52:public int getScal()
    61:62:public int get480Height(int)
    71:84:public int getStatusBarHeight()
    88:88:public int getScreenHeight()
...
android.support.v4.media.TransportMediatorJellybeanMR2$3
android.support.v4.media.TransportMediatorJellybeanMR2$4
android.support.v4.media.TransportPerformer
android.support.v4.media.TransportStateListener
android.support.v4.net.ConnectivityManagerCompat
android.support.v4.net.ConnectivityManagerCompat$BaseConnectivityManagerCompatImpl
android.support.v4.net.ConnectivityManagerCompat$ConnectivityManagerCompatImpl
android.support.v4.net.ConnectivityManagerCompat$GingerbreadConnectivityManagerCompatImpl
android.support.v4.net.ConnectivityManagerCompat$HoneycombMR2ConnectivityManagerCompatImpl
android.support.v4.net.ConnectivityManagerCompat$JellyBeanConnectivityManagerCompatImpl
android.support.v4.net.ConnectivityManagerCompatGingerbread
android.support.v4.net.ConnectivityManagerCompatHoneycombMR2
android.support.v4.net.ConnectivityManagerCompatJellyBean
android.support.v4.net.TrafficStatsCompat
android.support.v4.net.TrafficStatsCompat$1
android.support.v4.net.TrafficStatsCompat$BaseTrafficStatsCompatImpl
android.support.v4.net.TrafficStatsCompat$BaseTrafficStatsCompatImpl$1
android.support.v4.net.TrafficStatsCompat$BaseTrafficStatsCompatImpl$SocketTags
android.support.v4.net.TrafficStatsCompat$IcsTrafficStatsCompatImpl
android.support.v4.net.TrafficStatsCompat$TrafficStatsCompatImpl
android.support.v4.net.TrafficStatsCompatIcs
android.support.v4.os.ParcelableCompat:
    26:42:public ParcelableCompat()
android.support.v4.os.ParcelableCompatCreatorHoneycombMR2Stub:
    22:22:ParcelableCompatCreatorHoneycombMR2Stub()
android.support.v4.text.BidiFormatter
android.support.v4.text.BidiFormatter$1
android.support.v4.text.BidiFormatter$Builder
android.support.v4.text.BidiFormatter$DirectionalityEstimator
android.support.v4.text.ICUCompat
android.support.v4.text.ICUCompat$ICUCompatImpl
android.support.v4.text.ICUCompat$ICUCompatImplBase
android.support.v4.text.ICUCompat$ICUCompatImplIcs
android.support.v4.text.ICUCompatIcs
android.support.v4.text.TextDirectionHeuristicCompat
android.support.v4.text.TextDirectionHeuristicsCompat
android.support.v4.text.TextDirectionHeuristicsCompat$1
android.support.v4.text.TextDirectionHeuristicsCompat$AnyStrong
android.support.v4.text.TextDirectionHeuristicsCompat$FirstStrong
android.support.v4.text.TextDirectionHeuristicsCompat$TextDirectionAlgorithm
android.support.v4.text.TextDirectionHeuristicsCompat$TextDirectionHeuristicImpl
android.support.v4.text.TextDirectionHeuristicsCompat$TextDirectionHeuristicInternal
android.support.v4.text.TextDirectionHeuristicsCompat$TextDirectionHeuristicLocale
android.support.v4.text.TextUtilsCompat
android.support.v4.util.AtomicFile
android.support.v4.util.DebugUtils:
    25:25:public DebugUtils()
android.support.v4.util.LongSparseArray
android.support.v4.util.LruCache
android.support.v4.util.SparseArrayCompat:
    107:111:public void removeAtRange(int,int)
    236:241:public void setValueAt(int,java.lang.Object)
    265:273:public int indexOfValue(java.lang.Object)
    296:323:public void append(int,java.lang.Object)
android.support.v4.util.TimeUtils
android.support.v4.view.AccessibilityDelegateCompat
android.support.v4.view.AccessibilityDelegateCompat$AccessibilityDelegateIcsImpl
android.support.v4.view.AccessibilityDelegateCompat$AccessibilityDelegateIcsImpl$1
android.support.v4.view.AccessibilityDelegateCompat$AccessibilityDelegateImpl
android.support.v4.view.AccessibilityDelegateCompat$AccessibilityDelegateJellyBeanImpl
android.support.v4.view.AccessibilityDelegateCompat$AccessibilityDelegateJellyBeanImpl$1
android.support.v4.view.AccessibilityDelegateCompat$AccessibilityDelegateStubImpl
android.support.v4.view.AccessibilityDelegateCompatIcs
android.support.v4.view.AccessibilityDelegateCompatIcs$1
android.support.v4.view.AccessibilityDelegateCompatIcs$AccessibilityDelegateBridge
android.support.v4.view.AccessibilityDelegateCompatJellyBean
android.support.v4.view.AccessibilityDelegateCompatJellyBean$1